app/build/intermediates/manifest_merge_blame_file/debug/manifest-merger-blame-debug-report.txt
1<?xml version="1.0" encoding="utf-8"?>
2<manifest xmlns:android="http://schemas.android.com/apk/res/android"
3    package="com.start.head"
4    android:versionCode="1"
5    android:versionName="1.0" >
6
7    <uses-sdk
8        android:minSdkVersion="24"
8-->src\main\AndroidManifest.xml
9        android:targetSdkVersion="30" />
9-->src\main\AndroidManifest.xml
10
11    <application
11-->src\main\AndroidManifest.xml:5:5-46:19
12        android:allowBackup="true"
12-->src\main\AndroidManifest.xml:6:9-35
13        android:appComponentFactory="androidx.core.app.CoreComponentFactory"
13-->[androidx.core:core:1.1.0] AndroidManifest.xml:24:18-86
14        android:debuggable="true"
15        android:extractNativeLibs="false"
16        android:icon="@mipmap/ic_launcher"
16-->src\main\AndroidManifest.xml:7:9-43
17        android:label="@string/app_name"
17-->src\main\AndroidManifest.xml:8:9-41
18        android:roundIcon="@mipmap/ic_launcher_round"
18-->src\main\AndroidManifest.xml:9:9-54
19        android:supportsRtl="true"
19-->src\main\AndroidManifest.xml:10:9-35
20        android:testOnly="true"
21        android:theme="@style/AppTheme" >
21-->src\main\AndroidManifest.xml:11:9-40
22        <activity android:name="com.start.head.activity.FragmentNewsActivity" />
22-->src\main\AndroidManifest.xml:12:9-66
22-->src\main\AndroidManifest.xml:12:19-64
23        <activity android:name="com.start.head.activity.FragmentTestActivity" />
23-->src\main\AndroidManifest.xml:13:9-67
23-->src\main\AndroidManifest.xml:13:19-64
24        <activity android:name="com.start.head.activity.NewsContentActivity" />
24-->src\main\AndroidManifest.xml:14:9-66
24-->src\main\AndroidManifest.xml:14:19-63
25        <activity android:name="com.start.head.activity.RecyclerViewActivity" />
25-->src\main\AndroidManifest.xml:15:9-67
25-->src\main\AndroidManifest.xml:15:19-64
26        <activity android:name="com.start.head.activity.ListViewTestActivity" />
26-->src\main\AndroidManifest.xml:16:9-67
26-->src\main\AndroidManifest.xml:16:19-64
27        <activity android:name="com.start.head.activity.FirstActivity" />
27-->src\main\AndroidManifest.xml:17:9-60
27-->src\main\AndroidManifest.xml:17:19-57
28        <activity android:name="com.start.head.activity.ThirdActivity" >
28-->src\main\AndroidManifest.xml:18:9-28:20
28-->src\main\AndroidManifest.xml:18:19-57
29            <intent-filter>
29-->src\main\AndroidManifest.xml:19:13-27:29
30                <action android:name="android.intent.action.VIEW" />
30-->src\main\AndroidManifest.xml:20:17-69
30-->src\main\AndroidManifest.xml:20:25-66
31
32                <category android:name="android.intent.category.DEFAULT" />
32-->src\main\AndroidManifest.xml:22:17-76
32-->src\main\AndroidManifest.xml:22:27-73
33                <category android:name="android.intent.category.BROWSABLE" />
33-->src\main\AndroidManifest.xml:23:17-78
33-->src\main\AndroidManifest.xml:23:27-75
34                <!-- Activity supporting ACTION_VIEW is not set as BROWSABLE -->
35                <data android:scheme="http" />
35-->src\main\AndroidManifest.xml:25:17-47
35-->src\main\AndroidManifest.xml:25:23-44
36                <!-- 指定http就可以和浏览器一样，能够响应打开网页的Intent了          /> -->
37            </intent-filter>
38        </activity>
39        <activity android:name="com.start.head.activity.SecondActivity" >
39-->src\main\AndroidManifest.xml:29:9-36:20
39-->src\main\AndroidManifest.xml:29:19-58
40            <intent-filter>
40-->src\main\AndroidManifest.xml:30:13-35:29
41                <action android:name="com.start.head.ACTION_START" />
41-->src\main\AndroidManifest.xml:31:17-70
41-->src\main\AndroidManifest.xml:31:25-67
42
43                <category android:name="android.intent.category.DEFAULT" />
43-->src\main\AndroidManifest.xml:22:17-76
43-->src\main\AndroidManifest.xml:22:27-73
44                <category android:name="com.start.head.MY_CATEGORY" />
44-->src\main\AndroidManifest.xml:34:17-71
44-->src\main\AndroidManifest.xml:34:27-68
45            </intent-filter>
46        </activity>
47        <activity
47-->src\main\AndroidManifest.xml:37:9-45:20
48            android:name="com.start.head.activity.BroadcastActivity"
48-->src\main\AndroidManifest.xml:38:13-55
49            android:label="This is FirstActivity" >
49-->src\main\AndroidManifest.xml:39:13-50
50            <intent-filter>
50-->src\main\AndroidManifest.xml:40:13-44:29
51                <action android:name="android.intent.action.MAIN" />
51-->src\main\AndroidManifest.xml:41:17-69
51-->src\main\AndroidManifest.xml:41:25-66
52
53                <category android:name="android.intent.category.LAUNCHER" />
53-->src\main\AndroidManifest.xml:43:17-77
53-->src\main\AndroidManifest.xml:43:27-74
54            </intent-filter>
55        </activity>
56    </application>
57
58</manifest>